<?xml version="1.0" encoding="UTF-8"?>
<testng-results ignored="0" total="3" passed="3" failed="0" skipped="0">
  <reporter-output>
  </reporter-output>
  <suite started-at="2024-09-20T13:18:59 IST" name="Suite" finished-at="2024-09-20T13:19:04 IST" duration-ms="4204">
    <groups>
    </groups>
    <test started-at="2024-09-20T13:18:59 IST" name="Test" finished-at="2024-09-20T13:19:04 IST" duration-ms="4204">
      <class name="execuation.BrowserTest">
        <test-method is-config="true" signature="first()[pri:0, instance:execuation.BrowserTest@63376bed]" started-at="2024-09-20T13:18:58 IST" name="first" finished-at="2024-09-20T13:18:59 IST" duration-ms="1613" status="PASS">
          <reporter-output>
          </reporter-output>
        </test-method> <!-- first -->
        <test-method signature="amazone()[pri:0, instance:execuation.BrowserTest@63376bed]" started-at="2024-09-20T13:18:59 IST" name="amazone" finished-at="2024-09-20T13:19:01 IST" duration-ms="1322" status="PASS">
          <reporter-output>
          </reporter-output>
        </test-method> <!-- amazone -->
        <test-method signature="flipkart()[pri:0, instance:execuation.BrowserTest@63376bed]" started-at="2024-09-20T13:19:01 IST" name="flipkart" finished-at="2024-09-20T13:19:03 IST" duration-ms="1889" status="PASS">
          <reporter-output>
          </reporter-output>
        </test-method> <!-- flipkart -->
        <test-method signature="snapDeal()[pri:0, instance:execuation.BrowserTest@63376bed]" started-at="2024-09-20T13:19:03 IST" name="snapDeal" finished-at="2024-09-20T13:19:04 IST" duration-ms="944" status="PASS">
          <reporter-output>
          </reporter-output>
        </test-method> <!-- snapDeal -->
        <test-method is-config="true" signature="after()[pri:0, instance:execuation.BrowserTest@63376bed]" started-at="2024-09-20T13:19:04 IST" name="after" finished-at="2024-09-20T13:19:04 IST" duration-ms="208" status="PASS">
          <reporter-output>
          </reporter-output>
        </test-method> <!-- after -->
      </class> <!-- execuation.BrowserTest -->
    </test> <!-- Test -->
  </suite> <!-- Suite -->
</testng-results>
