<?xml version="1.0" encoding="UTF-8"?>
<testng-results ignored="0" total="3" passed="3" failed="0" skipped="0">
  <reporter-output>
  </reporter-output>
  <suite started-at="2024-02-18T18:14:18 IST" name="Suite" finished-at="2024-02-18T18:14:23 IST" duration-ms="4387">
    <groups>
    </groups>
    <test started-at="2024-02-18T18:14:18 IST" name="Test" finished-at="2024-02-18T18:14:23 IST" duration-ms="4387">
      <class name="execuation.BrowserTest">
        <test-method is-config="true" signature="first()[pri:0, instance:execuation.BrowserTest@71a8adcf]" started-at="2024-02-18T18:14:16 IST" name="first" finished-at="2024-02-18T18:14:18 IST" duration-ms="1933" status="PASS">
          <reporter-output>
          </reporter-output>
        </test-method> <!-- first -->
        <test-method signature="amazone()[pri:0, instance:execuation.BrowserTest@71a8adcf]" started-at="2024-02-18T18:14:18 IST" name="amazone" finished-at="2024-02-18T18:14:20 IST" duration-ms="1194" status="PASS">
          <reporter-output>
          </reporter-output>
        </test-method> <!-- amazone -->
        <test-method signature="flipkart()[pri:0, instance:execuation.BrowserTest@71a8adcf]" started-at="2024-02-18T18:14:20 IST" name="flipkart" finished-at="2024-02-18T18:14:21 IST" duration-ms="1757" status="PASS">
          <reporter-output>
          </reporter-output>
        </test-method> <!-- flipkart -->
        <test-method signature="snapDeal()[pri:0, instance:execuation.BrowserTest@71a8adcf]" started-at="2024-02-18T18:14:21 IST" name="snapDeal" finished-at="2024-02-18T18:14:23 IST" duration-ms="1394" status="PASS">
          <reporter-output>
          </reporter-output>
        </test-method> <!-- snapDeal -->
        <test-method is-config="true" signature="after()[pri:0, instance:execuation.BrowserTest@71a8adcf]" started-at="2024-02-18T18:14:23 IST" name="after" finished-at="2024-02-18T18:14:23 IST" duration-ms="198" status="PASS">
          <reporter-output>
          </reporter-output>
        </test-method> <!-- after -->
      </class> <!-- execuation.BrowserTest -->
    </test> <!-- Test -->
  </suite> <!-- Suite -->
</testng-results>
