<?xml version="1.0" encoding="UTF-8"?>
<testng-results ignored="0" total="3" passed="3" failed="0" skipped="0">
  <reporter-output>
  </reporter-output>
  <suite started-at="2024-09-19T20:10:24 IST" name="Suite" finished-at="2024-09-19T20:10:29 IST" duration-ms="4537">
    <groups>
    </groups>
    <test started-at="2024-09-19T20:10:24 IST" name="Test" finished-at="2024-09-19T20:10:29 IST" duration-ms="4537">
      <class name="execuation.BrowserTest">
        <test-method is-config="true" signature="first()[pri:0, instance:execuation.BrowserTest@359df09a]" started-at="2024-09-19T20:10:22 IST" name="first" finished-at="2024-09-19T20:10:24 IST" duration-ms="1569" status="PASS">
          <reporter-output>
          </reporter-output>
        </test-method> <!-- first -->
        <test-method signature="amazone()[pri:0, instance:execuation.BrowserTest@359df09a]" started-at="2024-09-19T20:10:24 IST" name="amazone" finished-at="2024-09-19T20:10:26 IST" duration-ms="1780" status="PASS">
          <reporter-output>
          </reporter-output>
        </test-method> <!-- amazone -->
        <test-method signature="flipkart()[pri:0, instance:execuation.BrowserTest@359df09a]" started-at="2024-09-19T20:10:26 IST" name="flipkart" finished-at="2024-09-19T20:10:28 IST" duration-ms="1774" status="PASS">
          <reporter-output>
          </reporter-output>
        </test-method> <!-- flipkart -->
        <test-method signature="snapDeal()[pri:0, instance:execuation.BrowserTest@359df09a]" started-at="2024-09-19T20:10:28 IST" name="snapDeal" finished-at="2024-09-19T20:10:29 IST" duration-ms="936" status="PASS">
          <reporter-output>
          </reporter-output>
        </test-method> <!-- snapDeal -->
        <test-method is-config="true" signature="after()[pri:0, instance:execuation.BrowserTest@359df09a]" started-at="2024-09-19T20:10:29 IST" name="after" finished-at="2024-09-19T20:10:29 IST" duration-ms="140" status="PASS">
          <reporter-output>
          </reporter-output>
        </test-method> <!-- after -->
      </class> <!-- execuation.BrowserTest -->
    </test> <!-- Test -->
  </suite> <!-- Suite -->
</testng-results>
